<?xml version="1.0" encoding="UTF-8"?>
<!-- Generated by org.testng.reporters.JUnitXMLReporter -->
<testsuite hostname="QTLSYS0-223" ignored="0" name="Test" tests="4" failures="1" timestamp="18 Jul 2020 18:10:15 GMT" time="7130.042" errors="0">
  <testcase name="Payfrequency_Biweekly" time="1458.491" classname="tests.QCStore"/>
  <testcase name="Payfrequency_Weekly" time="1322.813" classname="tests.QCStore">
    <failure type="java.lang.StringIndexOutOfBoundsException" message="String index out of range: 250">
      <![CDATA[java.lang.StringIndexOutOfBoundsException: String index out of range: 250
at java.lang.String.substring(Unknown Source)
at tests.Frequency_Weekly.borrowerRegistration(Frequency_Weekly.java:392)
at tests.QCStore.Payfrequency_Weekly(QCStore.java:271)
... Removed 25 stack frames]]>
    </failure>
  </testcase> <!-- Payfrequency_Weekly -->
  <testcase name="Payfrequency_Monthly" time="2977.049" classname="tests.QCStore"/>
  <testcase name="Payfrequency_Semi_monthly" time="1350.348" classname="tests.QCStore"/>
</testsuite> <!-- Test -->
