<?xml version="1.0" encoding="UTF-8"?>
<testng-results skipped="0" failed="0" ignored="17" total="20" passed="3">
  <reporter-output>
  </reporter-output>
  <suite name="Suite" duration-ms="1728490" started-at="2020-07-18T04:14:43Z" finished-at="2020-07-18T04:43:32Z">
    <groups>
      <group name="Cof">
        <method signature="QCStore.ILP_Deposit_Cardonfile()[pri:20, instance:tests.QCStore@5f9d02cb]" name="ILP_Deposit_Cardonfile" class="tests.QCStore"/>
        <method signature="QCStore.PDL_Deposit_Cardonfile()[pri:19, instance:tests.QCStore@5f9d02cb]" name="PDL_Deposit_Cardonfile" class="tests.QCStore"/>
        <method signature="QCStore.TLP_Deposit_Cardonfile()[pri:21, instance:tests.QCStore@5f9d02cb]" name="TLP_Deposit_Cardonfile" class="tests.QCStore"/>
      </group> <!-- Cof -->
    </groups>
    <test name="Test" duration-ms="1728490" started-at="2020-07-18T04:14:43Z" finished-at="2020-07-18T04:43:32Z">
      <class name="tests.QCStore">
        <test-method status="PASS" signature="setup()[pri:0, instance:tests.QCStore@5f9d02cb]" name="setup" is-config="true" duration-ms="74" started-at="2020-07-18T04:14:43Z" finished-at="2020-07-18T04:14:43Z">
          <reporter-output>
          </reporter-output>
        </test-method> <!-- setup -->
        <test-method status="PASS" signature="PDL_Deposit_Cardonfile()[pri:19, instance:tests.QCStore@5f9d02cb]" name="PDL_Deposit_Cardonfile" duration-ms="632346" started-at="2020-07-18T04:14:43Z" finished-at="2020-07-18T04:25:15Z">
          <reporter-output>
          </reporter-output>
        </test-method> <!-- PDL_Deposit_Cardonfile -->
        <test-method status="PASS" signature="killProcess()[pri:0, instance:tests.QCStore@5f9d02cb]" name="killProcess" is-config="true" duration-ms="0" started-at="2020-07-18T04:14:43Z" finished-at="2020-07-18T04:14:43Z">
          <reporter-output>
          </reporter-output>
        </test-method> <!-- killProcess -->
        <test-method status="PASS" signature="getResult(org.testng.ITestResult)[pri:0, instance:tests.QCStore@5f9d02cb]" name="getResult" is-config="true" duration-ms="168" started-at="2020-07-18T04:25:15Z" finished-at="2020-07-18T04:25:16Z">
          <params>
            <param index="0">
              <value>
                <![CDATA[[TestResult name=PDL_Deposit_Cardonfile status=SUCCESS method=QCStore.PDL_Deposit_Cardonfile()[pri:19, instance:tests.QCStore@5f9d02cb] output={null}]]]>
              </value>
            </param>
          </params>
          <reporter-output>
          </reporter-output>
        </test-method> <!-- getResult -->
        <test-method status="PASS" signature="endReport()[pri:0, instance:tests.QCStore@5f9d02cb]" name="endReport" is-config="true" duration-ms="0" started-at="2020-07-18T04:25:15Z" finished-at="2020-07-18T04:25:15Z">
          <reporter-output>
          </reporter-output>
        </test-method> <!-- endReport -->
        <test-method status="PASS" signature="ILP_Deposit_Cardonfile()[pri:20, instance:tests.QCStore@5f9d02cb]" name="ILP_Deposit_Cardonfile" duration-ms="512176" started-at="2020-07-18T04:25:16Z" finished-at="2020-07-18T04:33:48Z">
          <reporter-output>
          </reporter-output>
        </test-method> <!-- ILP_Deposit_Cardonfile -->
        <test-method status="PASS" signature="killProcess()[pri:0, instance:tests.QCStore@5f9d02cb]" name="killProcess" is-config="true" duration-ms="0" started-at="2020-07-18T04:25:16Z" finished-at="2020-07-18T04:25:16Z">
          <reporter-output>
          </reporter-output>
        </test-method> <!-- killProcess -->
        <test-method status="PASS" signature="endReport()[pri:0, instance:tests.QCStore@5f9d02cb]" name="endReport" is-config="true" duration-ms="0" started-at="2020-07-18T04:33:48Z" finished-at="2020-07-18T04:33:48Z">
          <reporter-output>
          </reporter-output>
        </test-method> <!-- endReport -->
        <test-method status="PASS" signature="getResult(org.testng.ITestResult)[pri:0, instance:tests.QCStore@5f9d02cb]" name="getResult" is-config="true" duration-ms="39" started-at="2020-07-18T04:33:48Z" finished-at="2020-07-18T04:33:48Z">
          <params>
            <param index="0">
              <value>
                <![CDATA[[TestResult name=ILP_Deposit_Cardonfile status=SUCCESS method=QCStore.ILP_Deposit_Cardonfile()[pri:20, instance:tests.QCStore@5f9d02cb] output={null}]]]>
              </value>
            </param>
          </params>
          <reporter-output>
          </reporter-output>
        </test-method> <!-- getResult -->
        <test-method status="PASS" signature="TLP_Deposit_Cardonfile()[pri:21, instance:tests.QCStore@5f9d02cb]" name="TLP_Deposit_Cardonfile" duration-ms="583062" started-at="2020-07-18T04:33:48Z" finished-at="2020-07-18T04:43:31Z">
          <reporter-output>
          </reporter-output>
        </test-method> <!-- TLP_Deposit_Cardonfile -->
        <test-method status="PASS" signature="killProcess()[pri:0, instance:tests.QCStore@5f9d02cb]" name="killProcess" is-config="true" duration-ms="0" started-at="2020-07-18T04:33:48Z" finished-at="2020-07-18T04:33:48Z">
          <reporter-output>
          </reporter-output>
        </test-method> <!-- killProcess -->
        <test-method status="PASS" signature="getResult(org.testng.ITestResult)[pri:0, instance:tests.QCStore@5f9d02cb]" name="getResult" is-config="true" duration-ms="608" started-at="2020-07-18T04:43:31Z" finished-at="2020-07-18T04:43:32Z">
          <params>
            <param index="0">
              <value>
                <![CDATA[[TestResult name=TLP_Deposit_Cardonfile status=SUCCESS method=QCStore.TLP_Deposit_Cardonfile()[pri:21, instance:tests.QCStore@5f9d02cb] output={null}]]]>
              </value>
            </param>
          </params>
          <reporter-output>
          </reporter-output>
        </test-method> <!-- getResult -->
        <test-method status="PASS" signature="endReport()[pri:0, instance:tests.QCStore@5f9d02cb]" name="endReport" is-config="true" duration-ms="0" started-at="2020-07-18T04:43:31Z" finished-at="2020-07-18T04:43:31Z">
          <reporter-output>
          </reporter-output>
        </test-method> <!-- endReport -->
      </class> <!-- tests.QCStore -->
    </test> <!-- Test -->
  </suite> <!-- Suite -->
</testng-results>
